{
  "RSpec": {
    "coverage": {
      "C:/Users/Tanin/Documents/Ruby/pagination_helper/lib/pagination_data.rb": [
        1,
        1,
        1,
        null
      ],
      "C:/Users/Tanin/Documents/Ruby/pagination_helper/lib/pagination_month.rb": [
        1,
        1,
        1,
        1,
        null
      ],
      "C:/Users/Tanin/Documents/Ruby/pagination_helper/lib/pagination_unit.rb": [
        1,
        1,
        1,
        1,
        null,
        null
      ],
      "C:/Users/Tanin/Documents/Ruby/pagination_helper/lib/pagination_helper.rb": [
        null,
        1,
        null,
        null,
        null,
        null,
        null,
        null,
        null,
        null,
        null,
        null,
        null,
        1,
        null,
        4,
        null,
        4,
        4,
        null,
        4,
        4,
        null,
        4,
        4,
        4,
        null,
        4,
        null,
        4,
        13,
        null,
        null,
        4,
        null,
        null,
        null,
        1,
        null,
        null,
        1,
        12,
        null,
        null,
        1,
        6,
        null,
        null,
        null,
        1,
        null,
        9,
        9,
        null,
        9,
        6,
        null,
        null,
        9,
        null,
        null,
        null,
        null,
        1,
        null,
        6,
        6,
        null,
        6,
        6,
        null,
        6,
        null,
        6,
        null,
        23,
        23,
        23,
        null,
        23,
        null,
        23,
        null,
        17,
        null,
        17,
        2,
        2,
        null,
        null,
        null,
        null,
        6,
        null,
        null,
        null,
        null,
        1,
        null,
        6,
        null,
        6,
        null,
        6,
        null,
        44,
        44,
        null,
        44,
        44,
        44,
        null,
        null,
        44,
        6,
        null,
        null,
        44,
        44,
        44,
        null,
        null,
        44,
        null,
        null,
        6,
        null,
        null,
        null,
        null,
        1,
        null,
        5,
        5,
        30,
        5,
        5,
        null,
        null,
        null,
        5,
        null,
        5,
        40,
        null,
        null,
        null,
        null,
        1,
        null,
        16,
        16,
        null,
        16,
        1,
        null,
        null,
        16,
        null,
        null,
        null,
        null,
        null
      ],
      "C:/Users/Tanin/Documents/Ruby/pagination_helper/spec/calculate_boundaries_spec.rb": [
        1,
        null,
        1,
        null,
        1,
        null,
        1,
        null,
        1,
        null,
        1,
        1,
        null,
        1,
        null,
        null,
        null,
        null,
        1,
        null,
        1,
        null,
        1,
        1,
        null,
        1,
        null,
        null,
        null,
        null,
        1,
        null,
        1,
        null,
        1,
        1,
        null,
        1,
        null,
        null,
        null,
        1,
        null,
        1,
        null,
        1,
        1,
        null,
        1,
        null,
        null,
        null,
        null,
        1,
        null,
        1,
        null,
        1,
        1,
        null,
        1,
        null,
        null,
        null,
        null
      ],
      "C:/Users/Tanin/Documents/Ruby/pagination_helper/spec/calculate_width_of_month_spec.rb": [
        1,
        null,
        1,
        null,
        1,
        null,
        1,
        null,
        1,
        1,
        1,
        null,
        1,
        null,
        null,
        null,
        1,
        null,
        1,
        1,
        1,
        null,
        1,
        null,
        null,
        null,
        1,
        null,
        1,
        1,
        1,
        null,
        1,
        null,
        null,
        null,
        null,
        null
      ],
      "C:/Users/Tanin/Documents/Ruby/pagination_helper/spec/generate_months_spec.rb": [
        1,
        null,
        1,
        null,
        1,
        null,
        1,
        null,
        1,
        null,
        1,
        null,
        1,
        1,
        null,
        1,
        1,
        null,
        1,
        1,
        null,
        1,
        1,
        null,
        null,
        null,
        1,
        null,
        1,
        null,
        1,
        null,
        1,
        1,
        null,
        1,
        1,
        null,
        1,
        1,
        null,
        1,
        1,
        null,
        1,
        1,
        null,
        1,
        1,
        null,
        null,
        null,
        null
      ],
      "C:/Users/Tanin/Documents/Ruby/pagination_helper/spec/generate_units_spec.rb": [
        1,
        null,
        1,
        null,
        1,
        null,
        1,
        null,
        1,
        null,
        1,
        null,
        1,
        1,
        null,
        null,
        null,
        1,
        null,
        1,
        null,
        1,
        null,
        1,
        1,
        null,
        null,
        null,
        null
      ],
      "C:/Users/Tanin/Documents/Ruby/pagination_helper/spec/label_page_spec.rb": [
        1,
        null,
        1,
        null,
        1,
        null,
        1,
        null,
        1,
        null,
        11,
        null,
        1,
        null,
        1,
        null,
        1,
        1,
        null,
        null,
        null,
        null,
        null
      ],
      "C:/Users/Tanin/Documents/Ruby/pagination_helper/spec/pagination_spec.rb": [
        1,
        null,
        1,
        null,
        1,
        null,
        4,
        4,
        null,
        4,
        4,
        null,
        13,
        13,
        null,
        13,
        null,
        9,
        9,
        null,
        9,
        1,
        1,
        null,
        null,
        null,
        null,
        null,
        null,
        null,
        1,
        null,
        4,
        null,
        4,
        null,
        null,
        null,
        null,
        null,
        1,
        null,
        1,
        1,
        null,
        1,
        null,
        1,
        1,
        null,
        1,
        null,
        1,
        null,
        1,
        1,
        null,
        1,
        null,
        1,
        1,
        null,
        null,
        null,
        null,
        1,
        null,
        1,
        1,
        null,
        1,
        null,
        1,
        null,
        1,
        1,
        null,
        1,
        null,
        1,
        1,
        null,
        1,
        null,
        null,
        null,
        1,
        null,
        1,
        1,
        null,
        1,
        null,
        1,
        null,
        1,
        1,
        null,
        1,
        null,
        1,
        1,
        null,
        null,
        null,
        1,
        null,
        1,
        1,
        null,
        1,
        null,
        1,
        null,
        1,
        1,
        null,
        1,
        null,
        1,
        null,
        1,
        1,
        null,
        null,
        null,
        null
      ],
      "C:/Users/Tanin/Documents/Ruby/pagination_helper/spec/spec_helper.rb": [
        null,
        1,
        1,
        1,
        null,
        null,
        1,
        null,
        1,
        1,
        1,
        1,
        null,
        1,
        null,
        1,
        null,
        null
      ]
    },
    "timestamp": 1317501836
  }
}
